09:41:08 DEBUG : Logs will be stored at '/home/sureshm/EE_4830_GPU/Senior_Design_HPC/FPGA/IDE.log'.
09:41:09 INFO  : Launching XSCT server: xsct -n  -interactive /home/sureshm/EE_4830_GPU/Senior_Design_HPC/FPGA/temp_xsdb_launch_script.tcl
09:41:09 INFO  : Registering command handlers for Vitis TCF services
09:41:10 INFO  : Platform repository initialization has completed.
09:41:12 INFO  : XSCT server has started successfully.
09:41:12 INFO  : plnx-install-location is set to ''
09:41:12 INFO  : Successfully done setting XSCT server connection channel  
09:41:12 INFO  : Successfully done setting workspace for the tool. 
09:41:12 INFO  : Successfully done query RDI_DATADIR 
09:43:56 INFO  : Build configuration of 'dot_product_system_hw_link' is updated to 'Emulation-HW'
09:43:56 INFO  : Build configuration of 'dot_product_kernels' is updated to 'Emulation-HW'
09:43:56 INFO  : Build configuration of 'dot_product' is updated to 'Emulation-HW'
09:45:08 INFO  : Build configuration of 'dot_product_system' is updated to 'Emulation-SW'
09:45:08 INFO  : Build configuration of system project is automatically updated to 'Emulation-SW'.
09:45:08 INFO  : Build configuration of 'dot_product_system_hw_link' is updated to 'Emulation-SW'
09:45:08 INFO  : Build configuration of 'dot_product' is updated to 'Emulation-SW'
09:45:53 INFO  : Build configuration of 'dot_product_system' is updated to 'Emulation-HW'
09:45:53 INFO  : Build configuration of system project is automatically updated to 'Emulation-HW'.
09:45:53 INFO  : Build configuration of 'dot_product_system_hw_link' is updated to 'Emulation-HW'
09:45:53 INFO  : Build configuration of 'dot_product' is updated to 'Emulation-HW'
09:57:22 INFO  : Build configuration of 'dot_product_system_hw_link' is updated to 'Emulation-SW'
09:57:22 INFO  : Build configuration of 'dot_product_kernels' is updated to 'Emulation-SW'
09:57:22 INFO  : Build configuration of 'dot_product' is updated to 'Emulation-SW'
09:58:37 INFO  : Build configuration of 'dot_product_system_hw_link' is updated to 'Emulation-HW'
09:58:37 INFO  : Build configuration of 'dot_product_kernels' is updated to 'Emulation-HW'
09:58:37 INFO  : Build configuration of 'dot_product' is updated to 'Emulation-HW'
10:51:05 INFO  : Launching executable: Emulation-HW/dot_product  ${project_loc:dot_product_system}/Emulation-HW/vadd.xclbin
11:02:33 INFO  : Launching executable: Emulation-HW/dot_product  ${project_loc:dot_product_system}/Emulation-HW/vadd.xclbin
11:33:13 INFO  : Build configuration of 'dot_product_system' is updated to 'Emulation-SW'
11:33:13 INFO  : Build configuration of system project is automatically updated to 'Emulation-SW'.
11:33:13 INFO  : Build configuration of 'dot_product_system_hw_link' is updated to 'Emulation-SW'
11:33:13 INFO  : Build configuration of 'dot_product_kernels' is updated to 'Emulation-SW'
11:35:24 INFO  : Build configuration of 'dot_product_system_hw_link' is updated to 'Emulation-HW'
11:35:24 INFO  : Build configuration of 'dot_product_kernels' is updated to 'Emulation-HW'
11:35:24 INFO  : Build configuration of 'dot_product' is updated to 'Emulation-HW'
11:40:03 INFO  : Build configuration of 'dot_product_system' is updated to 'Emulation-SW'
11:40:03 INFO  : Build configuration of system project is automatically updated to 'Emulation-SW'.
11:40:03 INFO  : Build configuration of 'dot_product_system_hw_link' is updated to 'Emulation-SW'
11:40:03 INFO  : Build configuration of 'dot_product' is updated to 'Emulation-SW'
13:06:23 INFO  : Build configuration of 'dot_product_system' is updated to 'Emulation-HW'
13:06:23 INFO  : Build configuration of system project is automatically updated to 'Emulation-HW'.
13:06:23 INFO  : Build configuration of 'dot_product_system_hw_link' is updated to 'Emulation-HW'
13:06:23 INFO  : Build configuration of 'dot_product_kernels' is updated to 'Emulation-HW'
13:06:37 INFO  : Build configuration of 'dot_product_system_hw_link' is updated to 'Emulation-SW'
13:06:37 INFO  : Build configuration of 'dot_product_kernels' is updated to 'Emulation-SW'
13:06:37 INFO  : Build configuration of 'dot_product' is updated to 'Emulation-SW'
13:17:19 INFO  : Build configuration of 'dot_product_system' is updated to 'Emulation-HW'
13:17:19 INFO  : Build configuration of system project is automatically updated to 'Emulation-HW'.
13:17:19 INFO  : Build configuration of 'dot_product_system_hw_link' is updated to 'Emulation-HW'
13:17:19 INFO  : Build configuration of 'dot_product' is updated to 'Emulation-HW'
13:18:59 INFO  : Build configuration of 'dot_product_system' is updated to 'Emulation-SW'
13:18:59 INFO  : Build configuration of system project is automatically updated to 'Emulation-SW'.
13:18:59 INFO  : Build configuration of 'dot_product_system_hw_link' is updated to 'Emulation-SW'
13:18:59 INFO  : Build configuration of 'dot_product' is updated to 'Emulation-SW'
13:19:35 INFO  : Build configuration of 'dot_product_system' is updated to 'Emulation-HW'
13:19:35 INFO  : Build configuration of system project is automatically updated to 'Emulation-HW'.
13:19:35 INFO  : Build configuration of 'dot_product_system_hw_link' is updated to 'Emulation-HW'
13:19:35 INFO  : Build configuration of 'dot_product' is updated to 'Emulation-HW'
13:20:39 INFO  : Build configuration of 'dot_product_system' is updated to 'Emulation-SW'
13:20:39 INFO  : Build configuration of system project is automatically updated to 'Emulation-SW'.
13:20:39 INFO  : Build configuration of 'dot_product_system_hw_link' is updated to 'Emulation-SW'
13:20:39 INFO  : Build configuration of 'dot_product' is updated to 'Emulation-SW'
13:21:13 INFO  : Build configuration of 'dot_product_system' is updated to 'Emulation-HW'
13:21:13 INFO  : Build configuration of system project is automatically updated to 'Emulation-HW'.
13:21:13 WARN  : The configuration 'Emulation-HW' of the project 'dot_product_kernels' being currently built is not compatible with the configuration 'Emulation-SW' of the project 'dot_product_system_hw_link' existing in the same system project.
13:21:21 INFO  : Build of the project 'dot_product_kernels' for the configuration 'Emulation-HW' is cancelled. 
13:21:22 INFO  : Build configuration of 'dot_product_system_hw_link' is updated to 'Emulation-HW'
13:21:22 INFO  : Build configuration of 'dot_product' is updated to 'Emulation-HW'
13:28:18 INFO  : Build configuration of 'dot_product_system' is updated to 'Emulation-SW'
13:28:18 INFO  : Build configuration of system project is automatically updated to 'Emulation-SW'.
13:28:18 INFO  : Build configuration of 'dot_product_system_hw_link' is updated to 'Emulation-SW'
13:28:18 INFO  : Build configuration of 'dot_product' is updated to 'Emulation-SW'
13:31:25 INFO  : Build configuration of 'dot_product_system' is updated to 'Emulation-HW'
13:31:25 INFO  : Build configuration of system project is automatically updated to 'Emulation-HW'.
13:31:25 WARN  : The configuration 'Emulation-HW' of the project 'dot_product_kernels' being currently built is not compatible with the configuration 'Emulation-SW' of the project 'dot_product_system_hw_link' existing in the same system project.
13:31:28 INFO  : Build of the project 'dot_product_kernels' for the configuration 'Emulation-HW' is cancelled. 
13:31:29 INFO  : Build configuration of 'dot_product_system_hw_link' is updated to 'Emulation-HW'
13:31:29 INFO  : Build configuration of 'dot_product' is updated to 'Emulation-HW'
14:22:28 INFO  : Build configuration of 'dot_product_system' is updated to 'Emulation-SW'
14:22:28 INFO  : Build configuration of system project is automatically updated to 'Emulation-SW'.
14:22:28 INFO  : Build configuration of 'dot_product_system_hw_link' is updated to 'Emulation-SW'
14:22:28 INFO  : Build configuration of 'dot_product' is updated to 'Emulation-SW'
14:23:09 INFO  : Build configuration of 'dot_product_system' is updated to 'Emulation-HW'
14:23:09 INFO  : Build configuration of system project is automatically updated to 'Emulation-HW'.
14:23:09 INFO  : Build configuration of 'dot_product_system_hw_link' is updated to 'Emulation-HW'
14:23:09 INFO  : Build configuration of 'dot_product' is updated to 'Emulation-HW'
14:25:24 INFO  : Build configuration of 'dot_product_system' is updated to 'Emulation-SW'
14:25:24 INFO  : Build configuration of system project is automatically updated to 'Emulation-SW'.
14:25:24 INFO  : Build configuration of 'dot_product_system_hw_link' is updated to 'Emulation-SW'
14:25:24 INFO  : Build configuration of 'dot_product' is updated to 'Emulation-SW'
14:26:18 INFO  : Build configuration of 'dot_product_system' is updated to 'Emulation-HW'
14:26:18 INFO  : Build configuration of system project is automatically updated to 'Emulation-HW'.
14:26:18 INFO  : Build configuration of 'dot_product_system_hw_link' is updated to 'Emulation-HW'
14:26:18 INFO  : Build configuration of 'dot_product' is updated to 'Emulation-HW'
14:35:18 INFO  : Launching executable: Emulation-HW/dot_product  ${project_loc:dot_product_system}/Emulation-HW/vadd.xclbin
14:41:38 INFO  : Build configuration of 'dot_product_system' is updated to 'Emulation-SW'
14:41:38 INFO  : Build configuration of system project is automatically updated to 'Emulation-SW'.
14:41:38 INFO  : Build configuration of 'dot_product_system_hw_link' is updated to 'Emulation-SW'
14:41:38 INFO  : Build configuration of 'dot_product' is updated to 'Emulation-SW'
14:43:57 INFO  : Build configuration of 'dot_product_system_hw_link' is updated to 'Emulation-HW'
14:43:57 INFO  : Build configuration of 'dot_product_kernels' is updated to 'Emulation-HW'
14:43:57 INFO  : Build configuration of 'dot_product' is updated to 'Emulation-HW'
15:04:43 INFO  : Launching executable: Emulation-HW/dot_product  ${project_loc:dot_product_system}/Emulation-HW/vadd.xclbin
15:08:33 INFO  : Projects exported to '/home/sureshm/EE_4830_GPU/Senior_Design_HPC/vitis_export_archive.ide.zip'
15:10:05 DEBUG : Logs will be stored at '/home/sureshm/EE_4830_GPU/Senior_Design_HPC/FPGA/IDE.log'.
15:10:06 INFO  : Launching XSCT server: xsct -n  -interactive /home/sureshm/EE_4830_GPU/Senior_Design_HPC/FPGA/temp_xsdb_launch_script.tcl
15:10:08 INFO  : Registering command handlers for Vitis TCF services
15:10:08 INFO  : Platform repository initialization has completed.
15:10:09 INFO  : XSCT server has started successfully.
15:10:10 INFO  : Successfully done setting XSCT server connection channel  
15:10:10 INFO  : plnx-install-location is set to ''
15:10:10 INFO  : Successfully done query RDI_DATADIR 
15:10:10 INFO  : Successfully done setting workspace for the tool. 
15:38:42 INFO  : Build configuration of 'dot_product_system' is updated to 'Emulation-SW'
15:38:42 INFO  : Build configuration of system project is automatically updated to 'Emulation-SW'.
15:38:42 WARN  : The configuration 'Emulation-SW' of the project 'dot_product_kernels' being currently built is not compatible with the configuration 'Emulation-HW' of the project 'dot_product_system_hw_link' existing in the same system project.
15:38:51 INFO  : Build of the project 'dot_product_kernels' for the configuration 'Emulation-SW' is cancelled. 
15:38:52 INFO  : Build configuration of 'dot_product_system_hw_link' is updated to 'Emulation-SW'
15:38:53 INFO  : Build configuration of 'dot_product' is updated to 'Emulation-SW'
15:41:33 INFO  : Build configuration of 'dot_product_system_hw_link' is updated to 'Emulation-HW'
15:41:33 INFO  : Build configuration of 'dot_product_kernels' is updated to 'Emulation-HW'
15:41:33 INFO  : Build configuration of 'dot_product' is updated to 'Emulation-HW'
15:51:35 INFO  : Build configuration of 'dot_product_system_hw_link' is updated to 'Emulation-SW'
15:51:35 INFO  : Build configuration of 'dot_product_kernels' is updated to 'Emulation-SW'
15:51:35 INFO  : Build configuration of 'dot_product' is updated to 'Emulation-SW'
15:57:23 INFO  : Build configuration of 'dot_product_system' is updated to 'Emulation-HW'
15:57:23 INFO  : Build configuration of system project is automatically updated to 'Emulation-HW'.
15:57:23 INFO  : Build configuration of 'dot_product_system_hw_link' is updated to 'Emulation-HW'
15:57:23 INFO  : Build configuration of 'dot_product_kernels' is updated to 'Emulation-HW'
15:57:59 ERROR : Failed to run the application using 'SystemDebugger_dot_product_system_5_dot_product'.
15:58:51 ERROR : Failed to run the application using 'SystemDebugger_dot_product_system_6_dot_product'.
15:59:17 INFO  : Build configuration of 'dot_product_system_hw_link' is updated to 'Emulation-SW'
15:59:17 INFO  : Build configuration of 'dot_product_kernels' is updated to 'Emulation-SW'
15:59:17 INFO  : Build configuration of 'dot_product' is updated to 'Emulation-SW'
15:59:53 INFO  : Build configuration of 'dot_product_system' is updated to 'Emulation-HW'
15:59:53 INFO  : Build configuration of system project is automatically updated to 'Emulation-HW'.
15:59:53 WARN  : The configuration 'Emulation-HW' of the project 'dot_product' being currently built is not compatible with the configuration 'Emulation-SW' of the project 'dot_product_system_hw_link' existing in the same system project.
16:00:00 WARN  : The configuration 'Emulation-HW' of the project 'dot_product' being currently built is not compatible with the configuration 'Emulation-SW' of the project 'dot_product_system_hw_link' existing in the same system project.
16:00:06 INFO  : Build configuration of 'dot_product_system_hw_link' is updated to 'Emulation-HW'
16:00:06 INFO  : Build configuration of 'dot_product_kernels' is updated to 'Emulation-HW'
16:00:25 ERROR : Failed to run the application using 'SystemDebugger_dot_product_system_6_dot_product'.
16:00:30 ERROR : Failed to run the application using 'SystemDebugger_dot_product_system_dot_product'.
16:00:44 INFO  : Build configuration of 'dot_product_system_hw_link' is updated to 'Emulation-SW'
16:00:44 INFO  : Build configuration of 'dot_product_kernels' is updated to 'Emulation-SW'
16:00:44 INFO  : Build configuration of 'dot_product' is updated to 'Emulation-SW'
16:01:06 INFO  : Build configuration of 'dot_product_system_hw_link' is updated to 'Emulation-HW'
16:01:06 INFO  : Build configuration of 'dot_product_kernels' is updated to 'Emulation-HW'
16:01:06 INFO  : Build configuration of 'dot_product' is updated to 'Emulation-HW'
16:22:37 ERROR : Failed to run the application using 'SystemDebugger_dot_product_system_7_dot_product'.
16:29:36 INFO  : Build configuration of 'dot_product_system_hw_link' is updated to 'Emulation-SW'
16:29:36 INFO  : Build configuration of 'dot_product_kernels' is updated to 'Emulation-SW'
16:29:36 INFO  : Build configuration of 'dot_product' is updated to 'Emulation-SW'
16:30:29 INFO  : Build configuration of 'dot_product_system_hw_link' is updated to 'Emulation-HW'
16:30:29 INFO  : Build configuration of 'dot_product_kernels' is updated to 'Emulation-HW'
16:30:29 INFO  : Build configuration of 'dot_product' is updated to 'Emulation-HW'
16:32:28 ERROR : Failed to run the application using 'SystemDebugger_dot_product_system_dot_product'.
16:32:44 INFO  : Build configuration of 'dot_product_system_hw_link' is updated to 'Emulation-SW'
16:32:44 INFO  : Build configuration of 'dot_product_kernels' is updated to 'Emulation-SW'
16:32:44 INFO  : Build configuration of 'dot_product' is updated to 'Emulation-SW'
16:36:41 INFO  : Build configuration of 'dot_product_system_hw_link' is updated to 'Emulation-HW'
16:36:41 INFO  : Build configuration of 'dot_product_kernels' is updated to 'Emulation-HW'
16:36:41 INFO  : Build configuration of 'dot_product' is updated to 'Emulation-HW'
16:45:37 INFO  : Build configuration of 'dot_product_system_hw_link' is updated to 'Emulation-SW'
16:45:37 INFO  : Build configuration of 'dot_product_kernels' is updated to 'Emulation-SW'
16:45:37 INFO  : Build configuration of 'dot_product' is updated to 'Emulation-SW'
16:46:38 INFO  : Build configuration of 'dot_product_system_hw_link' is updated to 'Emulation-HW'
16:46:38 INFO  : Build configuration of 'dot_product_kernels' is updated to 'Emulation-HW'
16:46:38 INFO  : Build configuration of 'dot_product' is updated to 'Emulation-HW'
16:55:53 INFO  : Build configuration of 'dot_product_system_hw_link' is updated to 'Emulation-SW'
16:55:53 INFO  : Build configuration of 'dot_product_kernels' is updated to 'Emulation-SW'
16:55:53 INFO  : Build configuration of 'dot_product' is updated to 'Emulation-SW'
17:00:55 INFO  : Build configuration of 'dot_product_system_hw_link' is updated to 'Emulation-HW'
17:00:55 INFO  : Build configuration of 'dot_product_kernels' is updated to 'Emulation-HW'
17:00:55 INFO  : Build configuration of 'dot_product' is updated to 'Emulation-HW'
17:17:39 INFO  : Launching executable: Emulation-HW/dot_product  ${project_loc:dot_product_system}/Emulation-HW/vadd.xclbin
17:21:01 INFO  : Launching executable: Emulation-HW/dot_product  ${project_loc:dot_product_system}/Emulation-HW/vadd.xclbin
17:32:06 INFO  : Build configuration of 'dot_product_system' is updated to 'Emulation-SW'
17:32:06 INFO  : Build configuration of system project is automatically updated to 'Emulation-SW'.
17:32:06 INFO  : Build configuration of 'dot_product_system_hw_link' is updated to 'Emulation-SW'
17:32:06 INFO  : Build configuration of 'dot_product' is updated to 'Emulation-SW'
17:34:00 INFO  : Build configuration of 'dot_product_system' is updated to 'Emulation-HW'
17:34:00 INFO  : Build configuration of system project is automatically updated to 'Emulation-HW'.
17:34:00 INFO  : Build configuration of 'dot_product_system_hw_link' is updated to 'Emulation-HW'
17:34:00 INFO  : Build configuration of 'dot_product' is updated to 'Emulation-HW'
17:34:47 INFO  : Launching executable: Emulation-HW/dot_product  ${project_loc:dot_product_system}/Emulation-HW/vadd.xclbin
17:36:37 INFO  : Build configuration of 'dot_product_system' is updated to 'Emulation-SW'
17:36:37 INFO  : Build configuration of system project is automatically updated to 'Emulation-SW'.
17:36:37 INFO  : Build configuration of 'dot_product_system_hw_link' is updated to 'Emulation-SW'
17:36:37 INFO  : Build configuration of 'dot_product' is updated to 'Emulation-SW'
17:37:19 INFO  : Build configuration of 'dot_product_system' is updated to 'Emulation-HW'
17:37:19 INFO  : Build configuration of system project is automatically updated to 'Emulation-HW'.
17:37:19 INFO  : Build configuration of 'dot_product_system_hw_link' is updated to 'Emulation-HW'
17:37:19 INFO  : Build configuration of 'dot_product' is updated to 'Emulation-HW'
17:45:29 INFO  : Launching executable: Emulation-HW/dot_product  ${project_loc:dot_product_system}/Emulation-HW/vadd.xclbin
17:52:34 INFO  : Launching executable: Emulation-HW/dot_product  ${project_loc:dot_product_system}/Emulation-HW/vadd.xclbin
17:56:24 INFO  : Launching executable: Emulation-HW/dot_product  ${project_loc:dot_product_system}/Emulation-HW/vadd.xclbin
17:58:46 INFO  : Launching executable: Emulation-HW/dot_product  ${project_loc:dot_product_system}/Emulation-HW/vadd.xclbin
18:06:23 INFO  : Launching executable: Emulation-HW/dot_product  ${project_loc:dot_product_system}/Emulation-HW/vadd.xclbin
18:09:20 INFO  : Launching executable: Emulation-HW/dot_product  ${project_loc:dot_product_system}/Emulation-HW/vadd.xclbin
18:12:27 INFO  : Launching executable: Emulation-HW/dot_product  ${project_loc:dot_product_system}/Emulation-HW/vadd.xclbin
18:25:03 INFO  : Launching executable: Emulation-HW/dot_product  ${project_loc:dot_product_system}/Emulation-HW/vadd.xclbin
18:35:49 INFO  : Launching executable: Emulation-HW/dot_product  ${project_loc:dot_product_system}/Emulation-HW/vadd.xclbin
06:24:18 DEBUG : Logs will be stored at '/home/sureshm/EE_4830_GPU/Senior_Design_HPC/FPGA/IDE.log'.
06:24:19 INFO  : Launching XSCT server: xsct -n  -interactive /home/sureshm/EE_4830_GPU/Senior_Design_HPC/FPGA/temp_xsdb_launch_script.tcl
06:24:21 INFO  : Registering command handlers for Vitis TCF services
06:24:21 INFO  : Platform repository initialization has completed.
06:24:22 INFO  : XSCT server has started successfully.
06:24:22 INFO  : Successfully done setting XSCT server connection channel  
06:24:22 INFO  : plnx-install-location is set to ''
06:24:22 INFO  : Successfully done setting workspace for the tool. 
06:24:22 INFO  : Successfully done query RDI_DATADIR 
06:30:20 INFO  : Build configuration of 'dot_product_system' is updated to 'Emulation-SW'
06:30:20 INFO  : Build configuration of system project is automatically updated to 'Emulation-SW'.
06:30:20 INFO  : Build configuration of 'dot_product_system_hw_link' is updated to 'Emulation-SW'
06:30:20 INFO  : Build configuration of 'dot_product_kernels' is updated to 'Emulation-SW'
06:37:51 INFO  : Build configuration of 'dot_product_system' is updated to 'Emulation-HW'
06:37:51 INFO  : Build configuration of system project is automatically updated to 'Emulation-HW'.
06:37:51 INFO  : Build configuration of 'dot_product_system_hw_link' is updated to 'Emulation-HW'
06:37:51 INFO  : Build configuration of 'dot_product_kernels' is updated to 'Emulation-HW'
06:46:33 INFO  : Launching executable: Emulation-HW/dot_product  ${project_loc:dot_product_system}/Emulation-HW/vadd.xclbin
06:51:54 INFO  : Launching executable: Emulation-HW/dot_product  ${project_loc:dot_product_system}/Emulation-HW/vadd.xclbin
06:55:45 INFO  : Launching executable: Emulation-HW/dot_product  ${project_loc:dot_product_system}/Emulation-HW/vadd.xclbin
07:06:50 INFO  : Launching executable: Emulation-HW/dot_product  ${project_loc:dot_product_system}/Emulation-HW/vadd.xclbin
12:27:07 INFO  : Build configuration of 'dot_product_system_hw_link' is updated to 'Emulation-SW'
12:27:07 INFO  : Build configuration of 'dot_product_kernels' is updated to 'Emulation-SW'
12:27:07 INFO  : Build configuration of 'dot_product' is updated to 'Emulation-SW'
12:28:57 INFO  : Build configuration of 'dot_product_system_hw_link' is updated to 'Emulation-HW'
12:28:57 INFO  : Build configuration of 'dot_product_kernels' is updated to 'Emulation-HW'
12:28:57 INFO  : Build configuration of 'dot_product' is updated to 'Emulation-HW'
12:31:13 INFO  : Launching executable: Emulation-HW/dot_product  ${project_loc:dot_product_system}/Emulation-HW/vadd.xclbin
12:49:55 INFO  : Launching executable: Emulation-HW/dot_product  ${project_loc:dot_product_system}/Emulation-HW/vadd.xclbin
13:39:29 INFO  : Build configuration of 'dot_product_system_hw_link' is updated to 'Emulation-SW'
13:39:29 INFO  : Build configuration of 'dot_product_kernels' is updated to 'Emulation-SW'
13:39:29 INFO  : Build configuration of 'dot_product' is updated to 'Emulation-SW'
13:42:30 INFO  : Build configuration of 'dot_product_system_hw_link' is updated to 'Emulation-HW'
13:42:30 INFO  : Build configuration of 'dot_product_kernels' is updated to 'Emulation-HW'
13:42:30 INFO  : Build configuration of 'dot_product' is updated to 'Emulation-HW'
13:51:44 INFO  : Launching executable: Emulation-HW/dot_product ${project_loc:dot_product_system}/Emulation-HW/vadd.xclbin
13:52:54 INFO  : Launching executable: Emulation-HW/dot_product ${project_loc:dot_product_system}/Emulation-HW/vadd.xclbin
14:19:08 INFO  : Launching executable: Emulation-HW/dot_product  ${project_loc:dot_product_system}/Emulation-HW/vadd.xclbin
14:22:14 INFO  : Launching executable: Emulation-HW/dot_product  ${project_loc:dot_product_system}/Emulation-HW/vadd.xclbin
14:34:15 INFO  : Launching executable: Emulation-HW/dot_product  ${project_loc:dot_product_system}/Emulation-HW/vadd.xclbin
14:43:18 INFO  : Launching executable: Emulation-HW/dot_product  ${project_loc:dot_product_system}/Emulation-HW/vadd.xclbin
14:52:55 INFO  : Launching executable: Emulation-HW/dot_product  ${project_loc:dot_product_system}/Emulation-HW/vadd.xclbin
15:08:14 INFO  : Launching executable: Emulation-HW/dot_product  ${project_loc:dot_product_system}/Emulation-HW/vadd.xclbin
15:12:34 INFO  : Launching executable: Emulation-HW/dot_product  ${project_loc:dot_product_system}/Emulation-HW/vadd.xclbin
15:14:51 INFO  : Launching executable: Emulation-HW/dot_product  ${project_loc:dot_product_system}/Emulation-HW/vadd.xclbin
15:18:00 INFO  : Launching executable: Emulation-HW/dot_product  ${project_loc:dot_product_system}/Emulation-HW/vadd.xclbin
15:30:12 INFO  : Launching executable: Emulation-HW/dot_product  ${project_loc:dot_product_system}/Emulation-HW/vadd.xclbin
15:55:09 INFO  : Build configuration of 'dot_product_system_hw_link' is updated to 'Emulation-SW'
15:55:09 INFO  : Build configuration of 'dot_product_kernels' is updated to 'Emulation-SW'
15:55:09 INFO  : Build configuration of 'dot_product' is updated to 'Emulation-SW'
16:07:55 INFO  : Launching executable: Emulation-SW/dot_product  ${project_loc:dot_product_system}/Emulation-SW/vadd.xclbin
16:08:25 INFO  : Build configuration of 'dot_product_system_hw_link' is updated to 'Emulation-HW'
16:08:25 INFO  : Build configuration of 'dot_product_kernels' is updated to 'Emulation-HW'
16:08:25 INFO  : Build configuration of 'dot_product' is updated to 'Emulation-HW'
16:18:59 INFO  : Launching executable: Emulation-HW/dot_product  ${project_loc:dot_product_system}/Emulation-HW/vadd.xclbin
16:31:48 DEBUG : Logs will be stored at '/home/sureshm/EE_4830_GPU/Senior_Design_HPC/FPGA/IDE.log'.
16:31:49 INFO  : Launching XSCT server: xsct -n  -interactive /home/sureshm/EE_4830_GPU/Senior_Design_HPC/FPGA/temp_xsdb_launch_script.tcl
16:31:51 INFO  : Registering command handlers for Vitis TCF services
16:31:52 INFO  : Platform repository initialization has completed.
16:31:52 INFO  : XSCT server has started successfully.
16:31:52 INFO  : Successfully done setting XSCT server connection channel  
16:31:53 INFO  : plnx-install-location is set to ''
16:31:53 INFO  : Successfully done setting workspace for the tool. 
16:31:53 INFO  : Successfully done query RDI_DATADIR 
16:37:15 INFO  : Launching executable: Emulation-HW/dot_product  ${project_loc:dot_product_system}/Emulation-HW/vadd.xclbin
16:49:46 INFO  : Launching executable: Emulation-HW/dot_product  ${project_loc:dot_product_system}/Emulation-HW/vadd.xclbin
17:00:54 DEBUG : Logs will be stored at '/home/sureshm/EE_4830_GPU/Senior_Design_HPC/FPGA/IDE.log'.
17:00:55 INFO  : Launching XSCT server: xsct -n  -interactive /home/sureshm/EE_4830_GPU/Senior_Design_HPC/FPGA/temp_xsdb_launch_script.tcl
17:00:56 INFO  : Registering command handlers for Vitis TCF services
17:00:57 INFO  : Platform repository initialization has completed.
17:00:58 INFO  : XSCT server has started successfully.
17:00:58 INFO  : Successfully done setting XSCT server connection channel  
17:00:58 INFO  : plnx-install-location is set to ''
17:00:58 INFO  : Successfully done query RDI_DATADIR 
17:00:58 INFO  : Successfully done setting workspace for the tool. 
17:09:55 INFO  : Build configuration of 'L_2_Norm_system_hw_link' is updated to 'Emulation-HW'
17:09:55 INFO  : Build configuration of 'L_2_Norm_kernels' is updated to 'Emulation-HW'
17:09:55 INFO  : Build configuration of 'L_2_Norm' is updated to 'Emulation-HW'
17:17:44 INFO  : Launching executable: Emulation-HW/L_2_Norm  ${project_loc:L_2_Norm_system}/Emulation-HW/vadd.xclbin
17:19:37 INFO  : Launching executable: Emulation-HW/L_2_Norm  ${project_loc:L_2_Norm_system}/Emulation-HW/vadd.xclbin
07:29:41 DEBUG : Logs will be stored at '/home/sureshm/EE_4830_GPU/Senior_Design_HPC/FPGA/IDE.log'.
07:29:41 INFO  : Launching XSCT server: xsct -n  -interactive /home/sureshm/EE_4830_GPU/Senior_Design_HPC/FPGA/temp_xsdb_launch_script.tcl
07:29:43 INFO  : Platform repository initialization has completed.
07:29:43 INFO  : Registering command handlers for Vitis TCF services
07:29:44 INFO  : XSCT server has started successfully.
07:29:44 INFO  : plnx-install-location is set to ''
07:29:44 INFO  : Successfully done setting XSCT server connection channel  
07:29:44 INFO  : Successfully done query RDI_DATADIR 
07:29:44 INFO  : Successfully done setting workspace for the tool. 
07:34:45 DEBUG : Logs will be stored at '/home/sureshm/EE_4830_GPU/Senior_Design_HPC/FPGA/IDE.log'.
07:34:45 INFO  : Launching XSCT server: xsct -n  -interactive /home/sureshm/EE_4830_GPU/Senior_Design_HPC/FPGA/temp_xsdb_launch_script.tcl
07:34:46 INFO  : Platform repository initialization has completed.
07:34:47 INFO  : Registering command handlers for Vitis TCF services
07:34:48 INFO  : XSCT server has started successfully.
07:34:48 INFO  : Successfully done setting XSCT server connection channel  
07:34:48 INFO  : plnx-install-location is set to ''
07:34:48 INFO  : Successfully done setting workspace for the tool. 
07:34:48 INFO  : Successfully done query RDI_DATADIR 
07:36:56 DEBUG : Logs will be stored at '/home/sureshm/EE_4830_GPU/Senior_Design_HPC/FPGA/IDE.log'.
07:36:56 INFO  : Launching XSCT server: xsct -n  -interactive /home/sureshm/EE_4830_GPU/Senior_Design_HPC/FPGA/temp_xsdb_launch_script.tcl
07:36:58 INFO  : Platform repository initialization has completed.
07:36:58 INFO  : Registering command handlers for Vitis TCF services
07:36:59 INFO  : XSCT server has started successfully.
07:36:59 INFO  : Successfully done setting XSCT server connection channel  
07:36:59 INFO  : plnx-install-location is set to ''
07:36:59 INFO  : Successfully done setting workspace for the tool. 
07:36:59 INFO  : Successfully done query RDI_DATADIR 
07:43:13 DEBUG : Logs will be stored at '/home/sureshm/EE_4830_GPU/Senior_Design_HPC/FPGA/IDE.log'.
07:43:13 INFO  : Launching XSCT server: xsct -n  -interactive /home/sureshm/EE_4830_GPU/Senior_Design_HPC/FPGA/temp_xsdb_launch_script.tcl
07:43:14 INFO  : Registering command handlers for Vitis TCF services
07:43:15 INFO  : Platform repository initialization has completed.
07:43:16 INFO  : XSCT server has started successfully.
07:43:16 INFO  : Successfully done setting XSCT server connection channel  
07:43:16 INFO  : plnx-install-location is set to ''
07:43:16 INFO  : Successfully done query RDI_DATADIR 
07:43:16 INFO  : Successfully done setting workspace for the tool. 
16:58:10 DEBUG : Logs will be stored at '/home/sureshm/EE_4830_GPU/Senior_Design_HPC/FPGA/IDE.log'.
16:58:11 INFO  : Launching XSCT server: xsct -n  -interactive /home/sureshm/EE_4830_GPU/Senior_Design_HPC/FPGA/temp_xsdb_launch_script.tcl
16:58:12 INFO  : Registering command handlers for Vitis TCF services
16:58:13 INFO  : Platform repository initialization has completed.
16:58:14 INFO  : XSCT server has started successfully.
16:58:14 INFO  : plnx-install-location is set to ''
16:58:14 INFO  : Successfully done setting XSCT server connection channel  
16:58:14 INFO  : Successfully done setting workspace for the tool. 
16:58:14 INFO  : Successfully done query RDI_DATADIR 
